Compiling the CXX compiler identification source file "CMakeCXXCompilerId.cpp" failed.
Compiler: C:/MinGW/bin/c++.exe 
Build flags: 
Id flags:  

The output was:
1


Compiling the CXX compiler identification source file "CMakeCXXCompilerId.cpp" failed.
Compiler: C:/MinGW/bin/c++.exe 
Build flags: 
Id flags: -c 

The output was:
1


Compiling the CXX compiler identification source file "CMakeCXXCompilerId.cpp" failed.
Compiler: C:/MinGW/bin/c++.exe 
Build flags: 
Id flags: --c++ 

The output was:
1
c++.exe: error: unrecognized command line option '--c++'


Compiling the CXX compiler identification source file "CMakeCXXCompilerId.cpp" failed.
Compiler: C:/MinGW/bin/c++.exe 
Build flags: 
Id flags: --ec++ 

The output was:
1
c++.exe: error: unrecognized command line option '--ec++'; did you mean '-Weffc++'?


Compiling the CXX compiler identification source file "CMakeCXXCompilerId.cpp" failed.
Compiler: C:/MinGW/bin/c++.exe 
Build flags: 
Id flags: --target=arm-arm-none-eabi;-mcpu=cortex-m3 

The output was:
1
c++.exe: warning: '-mcpu=' is deprecated; use '-mtune=' or '-march=' instead
c++.exe: error: unrecognized command line option '--target=arm-arm-none-eabi'


Compiling the CXX compiler identification source file "CMakeCXXCompilerId.cpp" failed.
Compiler: C:/MinGW/bin/c++.exe 
Build flags: 
Id flags: -c;-I__does_not_exist__ 

The output was:
1


Compiling the CXX compiler identification source file "CMakeCXXCompilerId.cpp" failed.
Compiler: C:/MinGW/bin/c++.exe 
Build flags: 
Id flags:  

The output was:
1


Compiling the CXX compiler identification source file "CMakeCXXCompilerId.cpp" failed.
Compiler: C:/MinGW/bin/c++.exe 
Build flags: 
Id flags: -c 

The output was:
1


Compiling the CXX compiler identification source file "CMakeCXXCompilerId.cpp" failed.
Compiler: C:/MinGW/bin/c++.exe 
Build flags: 
Id flags: --c++ 

The output was:
1
c++.exe: error: unrecognized command line option '--c++'


Compiling the CXX compiler identification source file "CMakeCXXCompilerId.cpp" failed.
Compiler: C:/MinGW/bin/c++.exe 
Build flags: 
Id flags: --ec++ 

The output was:
1
c++.exe: error: unrecognized command line option '--ec++'; did you mean '-Weffc++'?


Compiling the CXX compiler identification source file "CMakeCXXCompilerId.cpp" failed.
Compiler: C:/MinGW/bin/c++.exe 
Build flags: 
Id flags: --target=arm-arm-none-eabi;-mcpu=cortex-m3 

The output was:
1
c++.exe: warning: '-mcpu=' is deprecated; use '-mtune=' or '-march=' instead
c++.exe: error: unrecognized command line option '--target=arm-arm-none-eabi'


Compiling the CXX compiler identification source file "CMakeCXXCompilerId.cpp" failed.
Compiler: C:/MinGW/bin/c++.exe 
Build flags: 
Id flags: -c;-I__does_not_exist__ 

The output was:
1


Checking whether the CXX compiler is IAR using "" did not match "IAR .+ Compiler":
c++.exe: fatal error: no input files
compilation terminated.
Checking whether the CXX compiler is IAR using "" did not match "IAR .+ Compiler":
c++.exe: fatal error: no input files
compilation terminated.
Detecting CXX compiler ABI info failed to compile with the following output:
Change Dir: E:/zPower10/uni/FAU/Semester01/AdvPT/exercises/escaping-the-grid/out/build/x64-Debug/CMakeFiles/CMakeTmp

Run Build Command(s):C:/Program Files/Microsoft Visual Studio/2022/Professional/Common7/IDE/CommonExtensions/Microsoft/CMake/Ninja/ninja.exe cmTC_7e627 && [1/2] Building CXX object CMakeFiles\cmTC_7e627.dir\CMakeCXXCompilerABI.cpp.obj
FAILED: CMakeFiles/cmTC_7e627.dir/CMakeCXXCompilerABI.cpp.obj 
C:\MinGW\bin\c++.exe    -o CMakeFiles\cmTC_7e627.dir\CMakeCXXCompilerABI.cpp.obj -c "C:\Program Files\Microsoft Visual Studio\2022\Professional\Common7\IDE\CommonExtensions\Microsoft\CMake\CMake\share\cmake-3.21\Modules\CMakeCXXCompilerABI.cpp"
ninja: build stopped: subcommand failed.




Determining if the CXX compiler works failed with the following output:
Change Dir: E:/zPower10/uni/FAU/Semester01/AdvPT/exercises/escaping-the-grid/out/build/x64-Debug/CMakeFiles/CMakeTmp

Run Build Command(s):C:/Program Files/Microsoft Visual Studio/2022/Professional/Common7/IDE/CommonExtensions/Microsoft/CMake/Ninja/ninja.exe cmTC_608db && [1/2] Building CXX object CMakeFiles\cmTC_608db.dir\testCXXCompiler.cxx.obj
FAILED: CMakeFiles/cmTC_608db.dir/testCXXCompiler.cxx.obj 
C:\MinGW\bin\c++.exe    -o CMakeFiles\cmTC_608db.dir\testCXXCompiler.cxx.obj -c E:\zPower10\uni\FAU\Semester01\AdvPT\exercises\escaping-the-grid\out\build\x64-Debug\CMakeFiles\CMakeTmp\testCXXCompiler.cxx
ninja: build stopped: subcommand failed.



Compiling the CXX compiler identification source file "CMakeCXXCompilerId.cpp" failed.
Compiler: C:/MinGW/bin/c++.exe 
Build flags: 
Id flags:  

The output was:
1


Compiling the CXX compiler identification source file "CMakeCXXCompilerId.cpp" failed.
Compiler: C:/MinGW/bin/c++.exe 
Build flags: 
Id flags: -c 

The output was:
1


Compiling the CXX compiler identification source file "CMakeCXXCompilerId.cpp" failed.
Compiler: C:/MinGW/bin/c++.exe 
Build flags: 
Id flags: --c++ 

The output was:
1
c++.exe: error: unrecognized command line option '--c++'


Compiling the CXX compiler identification source file "CMakeCXXCompilerId.cpp" failed.
Compiler: C:/MinGW/bin/c++.exe 
Build flags: 
Id flags: --ec++ 

The output was:
1
c++.exe: error: unrecognized command line option '--ec++'; did you mean '-Weffc++'?


Compiling the CXX compiler identification source file "CMakeCXXCompilerId.cpp" failed.
Compiler: C:/MinGW/bin/c++.exe 
Build flags: 
Id flags: --target=arm-arm-none-eabi;-mcpu=cortex-m3 

The output was:
1
c++.exe: warning: '-mcpu=' is deprecated; use '-mtune=' or '-march=' instead
c++.exe: error: unrecognized command line option '--target=arm-arm-none-eabi'


Compiling the CXX compiler identification source file "CMakeCXXCompilerId.cpp" failed.
Compiler: C:/MinGW/bin/c++.exe 
Build flags: 
Id flags: -c;-I__does_not_exist__ 

The output was:
1


Compiling the CXX compiler identification source file "CMakeCXXCompilerId.cpp" failed.
Compiler: C:/MinGW/bin/c++.exe 
Build flags: 
Id flags:  

The output was:
1


Compiling the CXX compiler identification source file "CMakeCXXCompilerId.cpp" failed.
Compiler: C:/MinGW/bin/c++.exe 
Build flags: 
Id flags: -c 

The output was:
1


Compiling the CXX compiler identification source file "CMakeCXXCompilerId.cpp" failed.
Compiler: C:/MinGW/bin/c++.exe 
Build flags: 
Id flags: --c++ 

The output was:
1
c++.exe: error: unrecognized command line option '--c++'


Compiling the CXX compiler identification source file "CMakeCXXCompilerId.cpp" failed.
Compiler: C:/MinGW/bin/c++.exe 
Build flags: 
Id flags: --ec++ 

The output was:
1
c++.exe: error: unrecognized command line option '--ec++'; did you mean '-Weffc++'?


Compiling the CXX compiler identification source file "CMakeCXXCompilerId.cpp" failed.
Compiler: C:/MinGW/bin/c++.exe 
Build flags: 
Id flags: --target=arm-arm-none-eabi;-mcpu=cortex-m3 

The output was:
1
c++.exe: warning: '-mcpu=' is deprecated; use '-mtune=' or '-march=' instead
c++.exe: error: unrecognized command line option '--target=arm-arm-none-eabi'


Compiling the CXX compiler identification source file "CMakeCXXCompilerId.cpp" failed.
Compiler: C:/MinGW/bin/c++.exe 
Build flags: 
Id flags: -c;-I__does_not_exist__ 

The output was:
1


Checking whether the CXX compiler is IAR using "" did not match "IAR .+ Compiler":
c++.exe: fatal error: no input files
compilation terminated.
Checking whether the CXX compiler is IAR using "" did not match "IAR .+ Compiler":
c++.exe: fatal error: no input files
compilation terminated.
Detecting CXX compiler ABI info failed to compile with the following output:
Change Dir: E:/zPower10/uni/FAU/Semester01/AdvPT/exercises/escaping-the-grid/out/build/x64-Debug/CMakeFiles/CMakeTmp

Run Build Command(s):C:/Program Files/Microsoft Visual Studio/2022/Professional/Common7/IDE/CommonExtensions/Microsoft/CMake/Ninja/ninja.exe cmTC_c6155 && [1/2] Building CXX object CMakeFiles\cmTC_c6155.dir\CMakeCXXCompilerABI.cpp.obj
FAILED: CMakeFiles/cmTC_c6155.dir/CMakeCXXCompilerABI.cpp.obj 
C:\MinGW\bin\c++.exe    -o CMakeFiles\cmTC_c6155.dir\CMakeCXXCompilerABI.cpp.obj -c "C:\Program Files\Microsoft Visual Studio\2022\Professional\Common7\IDE\CommonExtensions\Microsoft\CMake\CMake\share\cmake-3.21\Modules\CMakeCXXCompilerABI.cpp"
ninja: build stopped: subcommand failed.




Determining if the CXX compiler works failed with the following output:
Change Dir: E:/zPower10/uni/FAU/Semester01/AdvPT/exercises/escaping-the-grid/out/build/x64-Debug/CMakeFiles/CMakeTmp

Run Build Command(s):C:/Program Files/Microsoft Visual Studio/2022/Professional/Common7/IDE/CommonExtensions/Microsoft/CMake/Ninja/ninja.exe cmTC_44201 && [1/2] Building CXX object CMakeFiles\cmTC_44201.dir\testCXXCompiler.cxx.obj
FAILED: CMakeFiles/cmTC_44201.dir/testCXXCompiler.cxx.obj 
C:\MinGW\bin\c++.exe    -o CMakeFiles\cmTC_44201.dir\testCXXCompiler.cxx.obj -c E:\zPower10\uni\FAU\Semester01\AdvPT\exercises\escaping-the-grid\out\build\x64-Debug\CMakeFiles\CMakeTmp\testCXXCompiler.cxx
ninja: build stopped: subcommand failed.



